<?xml version="1.0" encoding="UTF-8"?>
<!-- Generated by org.testng.reporters.JUnitReportReporter -->
<testsuite hostname="DESKTOP-MUG13MS" failures="0" tests="1" name="AdminSuite.LoginTest" time="21.638" errors="0" timestamp="21 Jan 2020 09:25:52 GMT" skipped="0">
  <testcase classname="AdminSuite.LoginTest" name="verifyLoginTest" time="21.638"/>
</testsuite> <!-- AdminSuite.LoginTest -->
