<?xml version="1.0" encoding="UTF-8"?>
<!-- Generated by org.testng.reporters.JUnitReportReporter -->
<testsuite skipped="0" hostname="DESKTOP-MUG13MS" name="AdminSuite.LoginTest" tests="1" failures="0" timestamp="31 Jan 2020 09:25:29 GMT" time="979.135" errors="0">
  <testcase name="verifyLoginTest" time="979.135" classname="AdminSuite.LoginTest"/>
</testsuite> <!-- AdminSuite.LoginTest -->
