<?xml version="1.0" encoding="UTF-8"?>
<!-- Generated by org.testng.reporters.JUnitReportReporter -->
<testsuite hostname="DESKTOP-MUG13MS" failures="0" tests="1" name="AdminSuite.Admin_MyAccount_001_AddMailExtentions" time="0.000" errors="0" timestamp="11 Jan 2020 18:46:29 GMT" skipped="1">
  <testcase classname="AdminSuite.Admin_MyAccount_001_AddMailExtentions" name="verify_Admin_MyAccount_001_AddMailExtentions_Test" time="0.000">
    <skipped/>
  </testcase> <!-- verify_Admin_MyAccount_001_AddMailExtentions_Test -->
</testsuite> <!-- AdminSuite.Admin_MyAccount_001_AddMailExtentions -->
