<?xml version="1.0" encoding="UTF-8"?>
<!-- Generated by org.testng.reporters.JUnitReportReporter -->
<testsuite hostname="DESKTOP-MUG13MS" failures="0" tests="2" name="AdminSuite.MyAccount_003_ViewMailExtentions" time="63.860" errors="0" timestamp="20 Jan 2020 12:40:01 GMT" skipped="0">
  <testcase classname="AdminSuite.MyAccount_003_ViewMailExtentions" name="verify_MyAccount_003_ViewMailExtentions_Test" time="31.695"/>
  <testcase classname="AdminSuite.MyAccount_003_ViewMailExtentions" name="verify_MyAccount_003_ViewMailExtentions_Test" time="32.165"/>
</testsuite> <!-- AdminSuite.MyAccount_003_ViewMailExtentions -->
