<?xml version="1.0" encoding="UTF-8"?>
<!-- Generated by org.testng.reporters.JUnitReportReporter -->
<testsuite hostname="DESKTOP-MUG13MS" failures="0" tests="1" name="AdminSuite.LoginTest" time="17.402" errors="0" timestamp="20 Jan 2020 12:40:01 GMT" skipped="0">
  <testcase classname="AdminSuite.LoginTest" name="verifyLoginTest" time="17.402"/>
</testsuite> <!-- AdminSuite.LoginTest -->
