<?xml version="1.0" encoding="UTF-8"?>
<!-- Generated by org.testng.reporters.JUnitReportReporter -->
<testsuite hostname="DESKTOP-MUG13MS" failures="0" tests="1" name="SanitySuite.Admin_MyAccount_001_AddMailExtentions" time="36.076" errors="0" timestamp="20 Jan 2020 12:40:01 GMT" skipped="0">
  <testcase classname="SanitySuite.Admin_MyAccount_001_AddMailExtentions" name="verify_Admin_MyAccount_001_AddMailExtentions_Test" time="36.076"/>
</testsuite> <!-- SanitySuite.Admin_MyAccount_001_AddMailExtentions -->
