<?xml version="1.0" encoding="UTF-8"?>
<!-- Generated by org.testng.reporters.JUnitReportReporter -->
<testsuite hostname="DESKTOP-MUG13MS" failures="0" tests="1" name="com.mytests.MyAccount_002_AddMailExtentions" time="0.000" errors="0" timestamp="09 Jan 2020 17:55:54 GMT" skipped="1">
  <testcase classname="com.mytests.MyAccount_002_AddMailExtentions" name="verify_MyAccount_002_AddMailExtentions_Test" time="0.000">
    <skipped/>
  </testcase> <!-- verify_MyAccount_002_AddMailExtentions_Test -->
</testsuite> <!-- com.mytests.MyAccount_002_AddMailExtentions -->
