<?xml version="1.0" encoding="UTF-8"?>
<!-- Generated by org.testng.reporters.JUnitReportReporter -->
<testsuite hostname="DESKTOP-MUG13MS" failures="0" tests="1" name="com.mytests.LoginTest2" time="19.694" errors="0" timestamp="09 Jan 2020 11:01:17 GMT" skipped="0">
  <testcase classname="com.mytests.LoginTest2" name="verifyLoginTest" time="19.694"/>
</testsuite> <!-- com.mytests.LoginTest2 -->
