<?xml version="1.0" encoding="UTF-8"?>
<!-- Generated by org.testng.reporters.JUnitReportReporter -->
<testsuite hostname="DESKTOP-MUG13MS" failures="0" tests="1" name="SanitySuite.Admin_MyAccount_001_AddMailExtentions" time="38.020" errors="0" timestamp="21 Jan 2020 09:25:52 GMT" skipped="0">
  <testcase classname="SanitySuite.Admin_MyAccount_001_AddMailExtentions" name="verify_Admin_MyAccount_001_AddMailExtentions_Test" time="38.020"/>
</testsuite> <!-- SanitySuite.Admin_MyAccount_001_AddMailExtentions -->
