<?xml version="1.0" encoding="UTF-8"?>
<!-- Generated by org.testng.reporters.JUnitReportReporter -->
<testsuite hostname="DESKTOP-MUG13MS" failures="0" tests="1" name="AdminSuite.MyAccount_002_AddMailExtentions" time="35.176" errors="0" timestamp="20 Jan 2020 12:40:01 GMT" skipped="0">
  <testcase classname="AdminSuite.MyAccount_002_AddMailExtentions" name="verify_MyAccount_002_AddMailExtentions_Test" time="35.176"/>
</testsuite> <!-- AdminSuite.MyAccount_002_AddMailExtentions -->
