<?xml version="1.0" encoding="UTF-8"?>
<!-- Generated by org.testng.reporters.JUnitReportReporter -->
<testsuite hostname="DESKTOP-MUG13MS" failures="0" tests="1" name="com.mytests.LoginTest" time="17.707" errors="0" timestamp="10 Jan 2020 11:27:17 GMT" skipped="0">
  <testcase classname="com.mytests.LoginTest" name="verifyLoginTest" time="17.707"/>
</testsuite> <!-- com.mytests.LoginTest -->
